{"/Users/simon/Developpement/event-scheduler-jest/src/controller.js": {"path":"/Users/simon/Developpement/event-scheduler-jest/src/controller.js","statementMap":{"0":{"start":{"line":16,"column":8},"end":{"line":16,"column":41}},"1":{"start":{"line":17,"column":8},"end":{"line":17,"column":46}},"2":{"start":{"line":26,"column":21},"end":{"line":26,"column":50}},"3":{"start":{"line":27,"column":8},"end":{"line":27,"column":56}},"4":{"start":{"line":36,"column":20},"end":{"line":36,"column":53}},"5":{"start":{"line":37,"column":8},"end":{"line":37,"column":55}},"6":{"start":{"line":46,"column":20},"end":{"line":46,"column":52}},"7":{"start":{"line":47,"column":8},"end":{"line":47,"column":55}},"8":{"start":{"line":56,"column":20},"end":{"line":56,"column":55}},"9":{"start":{"line":57,"column":8},"end":{"line":57,"column":55}},"10":{"start":{"line":66,"column":20},"end":{"line":66,"column":56}},"11":{"start":{"line":67,"column":8},"end":{"line":67,"column":55}}},"fnMap":{"0":{"name":"(anonymous_0)","decl":{"start":{"line":15,"column":4},"end":{"line":15,"column":5}},"loc":{"start":{"line":15,"column":46},"end":{"line":18,"column":5}},"line":15},"1":{"name":"(anonymous_1)","decl":{"start":{"line":25,"column":4},"end":{"line":25,"column":5}},"loc":{"start":{"line":25,"column":20},"end":{"line":28,"column":5}},"line":25},"2":{"name":"(anonymous_2)","decl":{"start":{"line":35,"column":4},"end":{"line":35,"column":5}},"loc":{"start":{"line":35,"column":22},"end":{"line":38,"column":5}},"line":35},"3":{"name":"(anonymous_3)","decl":{"start":{"line":45,"column":4},"end":{"line":45,"column":5}},"loc":{"start":{"line":45,"column":21},"end":{"line":48,"column":5}},"line":45},"4":{"name":"(anonymous_4)","decl":{"start":{"line":55,"column":4},"end":{"line":55,"column":5}},"loc":{"start":{"line":55,"column":24},"end":{"line":58,"column":5}},"line":55},"5":{"name":"(anonymous_5)","decl":{"start":{"line":65,"column":4},"end":{"line":65,"column":5}},"loc":{"start":{"line":65,"column":25},"end":{"line":68,"column":5}},"line":65}},"branchMap":{},"s":{"0":5,"1":5,"2":1,"3":1,"4":1,"5":1,"6":1,"7":1,"8":1,"9":1,"10":1,"11":1},"f":{"0":5,"1":1,"2":1,"3":1,"4":1,"5":1},"b":{},"_coverageSchema":"1a1c01bbd47fc00a2c39e90264f33305004495a9","hash":"898660686c3ebb52da02bbc4d585f219de6f2272"}
,"/Users/simon/Developpement/event-scheduler-jest/src/models.js": {"path":"/Users/simon/Developpement/event-scheduler-jest/src/models.js","statementMap":{"0":{"start":{"line":41,"column":8},"end":{"line":41,"column":35}},"1":{"start":{"line":42,"column":8},"end":{"line":42,"column":31}},"2":{"start":{"line":43,"column":8},"end":{"line":43,"column":27}},"3":{"start":{"line":44,"column":8},"end":{"line":44,"column":33}},"4":{"start":{"line":45,"column":8},"end":{"line":45,"column":39}},"5":{"start":{"line":53,"column":8},"end":{"line":53,"column":30}},"6":{"start":{"line":61,"column":8},"end":{"line":61,"column":35}},"7":{"start":{"line":69,"column":8},"end":{"line":69,"column":28}},"8":{"start":{"line":77,"column":8},"end":{"line":77,"column":31}},"9":{"start":{"line":85,"column":8},"end":{"line":85,"column":26}},"10":{"start":{"line":93,"column":8},"end":{"line":93,"column":27}},"11":{"start":{"line":101,"column":8},"end":{"line":101,"column":29}},"12":{"start":{"line":109,"column":8},"end":{"line":109,"column":33}},"13":{"start":{"line":117,"column":8},"end":{"line":117,"column":32}},"14":{"start":{"line":125,"column":8},"end":{"line":125,"column":39}}},"fnMap":{"0":{"name":"(anonymous_0)","decl":{"start":{"line":40,"column":4},"end":{"line":40,"column":5}},"loc":{"start":{"line":40,"column":66},"end":{"line":46,"column":5}},"line":40},"1":{"name":"(anonymous_1)","decl":{"start":{"line":52,"column":4},"end":{"line":52,"column":5}},"loc":{"start":{"line":52,"column":19},"end":{"line":54,"column":5}},"line":52},"2":{"name":"(anonymous_2)","decl":{"start":{"line":60,"column":4},"end":{"line":60,"column":5}},"loc":{"start":{"line":60,"column":28},"end":{"line":62,"column":5}},"line":60},"3":{"name":"(anonymous_3)","decl":{"start":{"line":68,"column":4},"end":{"line":68,"column":5}},"loc":{"start":{"line":68,"column":17},"end":{"line":70,"column":5}},"line":68},"4":{"name":"(anonymous_4)","decl":{"start":{"line":76,"column":4},"end":{"line":76,"column":5}},"loc":{"start":{"line":76,"column":24},"end":{"line":78,"column":5}},"line":76},"5":{"name":"(anonymous_5)","decl":{"start":{"line":84,"column":4},"end":{"line":84,"column":5}},"loc":{"start":{"line":84,"column":15},"end":{"line":86,"column":5}},"line":84},"6":{"name":"(anonymous_6)","decl":{"start":{"line":92,"column":4},"end":{"line":92,"column":5}},"loc":{"start":{"line":92,"column":20},"end":{"line":94,"column":5}},"line":92},"7":{"name":"(anonymous_7)","decl":{"start":{"line":100,"column":4},"end":{"line":100,"column":5}},"loc":{"start":{"line":100,"column":18},"end":{"line":102,"column":5}},"line":100},"8":{"name":"(anonymous_8)","decl":{"start":{"line":108,"column":4},"end":{"line":108,"column":5}},"loc":{"start":{"line":108,"column":26},"end":{"line":110,"column":5}},"line":108},"9":{"name":"(anonymous_9)","decl":{"start":{"line":116,"column":4},"end":{"line":116,"column":5}},"loc":{"start":{"line":116,"column":21},"end":{"line":118,"column":5}},"line":116},"10":{"name":"(anonymous_10)","decl":{"start":{"line":124,"column":4},"end":{"line":124,"column":5}},"loc":{"start":{"line":124,"column":32},"end":{"line":126,"column":5}},"line":124}},"branchMap":{},"s":{"0":15,"1":15,"2":15,"3":15,"4":15,"5":20,"6":0,"7":15,"8":0,"9":4,"10":0,"11":4,"12":0,"13":4,"14":0},"f":{"0":15,"1":20,"2":0,"3":15,"4":0,"5":4,"6":0,"7":4,"8":0,"9":4,"10":0},"b":{},"_coverageSchema":"1a1c01bbd47fc00a2c39e90264f33305004495a9","hash":"cc374745db9d3be6f3be0af23ddf6b041a0aa178"}
,"/Users/simon/Developpement/event-scheduler-jest/src/repository.js": {"path":"/Users/simon/Developpement/event-scheduler-jest/src/repository.js","statementMap":{"0":{"start":{"line":11,"column":8},"end":{"line":11,"column":33}},"1":{"start":{"line":19,"column":8},"end":{"line":19,"column":18}},"2":{"start":{"line":28,"column":8},"end":{"line":28,"column":21}},"3":{"start":{"line":36,"column":8},"end":{"line":36,"column":20}},"4":{"start":{"line":37,"column":8},"end":{"line":37,"column":30}},"5":{"start":{"line":42,"column":8},"end":{"line":42,"column":36}},"6":{"start":{"line":46,"column":8},"end":{"line":46,"column":33}}},"fnMap":{"0":{"name":"(anonymous_0)","decl":{"start":{"line":10,"column":4},"end":{"line":10,"column":5}},"loc":{"start":{"line":10,"column":26},"end":{"line":12,"column":5}},"line":10},"1":{"name":"(anonymous_1)","decl":{"start":{"line":18,"column":4},"end":{"line":18,"column":5}},"loc":{"start":{"line":18,"column":12},"end":{"line":20,"column":5}},"line":18},"2":{"name":"(anonymous_2)","decl":{"start":{"line":27,"column":4},"end":{"line":27,"column":5}},"loc":{"start":{"line":27,"column":14},"end":{"line":29,"column":5}},"line":27},"3":{"name":"(anonymous_3)","decl":{"start":{"line":35,"column":4},"end":{"line":35,"column":5}},"loc":{"start":{"line":35,"column":24},"end":{"line":38,"column":5}},"line":35},"4":{"name":"(anonymous_4)","decl":{"start":{"line":41,"column":4},"end":{"line":41,"column":5}},"loc":{"start":{"line":41,"column":13},"end":{"line":43,"column":5}},"line":41},"5":{"name":"(anonymous_5)","decl":{"start":{"line":45,"column":4},"end":{"line":45,"column":5}},"loc":{"start":{"line":45,"column":15},"end":{"line":47,"column":5}},"line":45}},"branchMap":{},"s":{"0":0,"1":0,"2":0,"3":0,"4":0,"5":0,"6":0},"f":{"0":0,"1":0,"2":0,"3":0,"4":0,"5":0},"b":{},"_coverageSchema":"1a1c01bbd47fc00a2c39e90264f33305004495a9","hash":"c6edc044a7174d109121f2102e77e2317eb89621"}
,"/Users/simon/Developpement/event-scheduler-jest/src/serializer.js": {"path":"/Users/simon/Developpement/event-scheduler-jest/src/serializer.js","statementMap":{"0":{"start":{"line":10,"column":8},"end":{"line":10,"column":37}},"1":{"start":{"line":19,"column":8},"end":{"line":19,"column":18}}},"fnMap":{"0":{"name":"(anonymous_0)","decl":{"start":{"line":9,"column":4},"end":{"line":9,"column":5}},"loc":{"start":{"line":9,"column":20},"end":{"line":11,"column":5}},"line":9},"1":{"name":"(anonymous_1)","decl":{"start":{"line":18,"column":4},"end":{"line":18,"column":5}},"loc":{"start":{"line":18,"column":22},"end":{"line":20,"column":5}},"line":18}},"branchMap":{},"s":{"0":1,"1":0},"f":{"0":1,"1":0},"b":{},"_coverageSchema":"1a1c01bbd47fc00a2c39e90264f33305004495a9","hash":"7eb80894e0802d4a7721f8233f0a7732dcfc387a"}
,"/Users/simon/Developpement/event-scheduler-jest/src/services.js": {"path":"/Users/simon/Developpement/event-scheduler-jest/src/services.js","statementMap":{"0":{"start":{"line":16,"column":4},"end":{"line":16,"column":44}},"1":{"start":{"line":24,"column":4},"end":{"line":24,"column":42}},"2":{"start":{"line":32,"column":16},"end":{"line":32,"column":46}},"3":{"start":{"line":33,"column":21},"end":{"line":33,"column":23}},"4":{"start":{"line":34,"column":4},"end":{"line":50,"column":7}},"5":{"start":{"line":35,"column":22},"end":{"line":35,"column":44}},"6":{"start":{"line":36,"column":20},"end":{"line":36,"column":40}},"7":{"start":{"line":37,"column":6},"end":{"line":49,"column":7}},"8":{"start":{"line":38,"column":8},"end":{"line":46,"column":10}},"9":{"start":{"line":48,"column":8},"end":{"line":48,"column":33}},"10":{"start":{"line":51,"column":4},"end":{"line":53,"column":7}},"11":{"start":{"line":52,"column":6},"end":{"line":52,"column":39}},"12":{"start":{"line":54,"column":4},"end":{"line":54,"column":25}},"13":{"start":{"line":62,"column":32},"end":{"line":62,"column":49}},"14":{"start":{"line":64,"column":4},"end":{"line":66,"column":7}},"15":{"start":{"line":65,"column":6},"end":{"line":65,"column":39}},"16":{"start":{"line":67,"column":4},"end":{"line":67,"column":45}},"17":{"start":{"line":75,"column":32},"end":{"line":75,"column":49}},"18":{"start":{"line":77,"column":15},"end":{"line":77,"column":16}},"19":{"start":{"line":78,"column":12},"end":{"line":78,"column":13}},"20":{"start":{"line":79,"column":24},"end":{"line":79,"column":26}},"21":{"start":{"line":80,"column":4},"end":{"line":87,"column":7}},"22":{"start":{"line":81,"column":27},"end":{"line":81,"column":72}},"23":{"start":{"line":82,"column":6},"end":{"line":85,"column":7}},"24":{"start":{"line":83,"column":8},"end":{"line":83,"column":30}},"25":{"start":{"line":84,"column":8},"end":{"line":84,"column":26}},"26":{"start":{"line":86,"column":6},"end":{"line":86,"column":10}},"27":{"start":{"line":89,"column":4},"end":{"line":89,"column":32}},"28":{"start":{"line":93,"column":16},"end":{"line":93,"column":46}},"29":{"start":{"line":94,"column":21},"end":{"line":94,"column":23}},"30":{"start":{"line":95,"column":4},"end":{"line":111,"column":7}},"31":{"start":{"line":96,"column":22},"end":{"line":96,"column":44}},"32":{"start":{"line":97,"column":20},"end":{"line":97,"column":40}},"33":{"start":{"line":98,"column":6},"end":{"line":110,"column":7}},"34":{"start":{"line":99,"column":8},"end":{"line":107,"column":10}},"35":{"start":{"line":109,"column":8},"end":{"line":109,"column":33}},"36":{"start":{"line":112,"column":4},"end":{"line":112,"column":33}},"37":{"start":{"line":120,"column":16},"end":{"line":120,"column":46}},"38":{"start":{"line":121,"column":21},"end":{"line":121,"column":23}},"39":{"start":{"line":122,"column":4},"end":{"line":138,"column":7}},"40":{"start":{"line":123,"column":22},"end":{"line":123,"column":44}},"41":{"start":{"line":124,"column":20},"end":{"line":124,"column":40}},"42":{"start":{"line":125,"column":6},"end":{"line":137,"column":7}},"43":{"start":{"line":126,"column":8},"end":{"line":134,"column":10}},"44":{"start":{"line":136,"column":8},"end":{"line":136,"column":33}},"45":{"start":{"line":139,"column":15},"end":{"line":139,"column":16}},"46":{"start":{"line":140,"column":12},"end":{"line":140,"column":13}},"47":{"start":{"line":141,"column":24},"end":{"line":141,"column":26}},"48":{"start":{"line":142,"column":4},"end":{"line":149,"column":7}},"49":{"start":{"line":143,"column":27},"end":{"line":143,"column":72}},"50":{"start":{"line":144,"column":6},"end":{"line":147,"column":7}},"51":{"start":{"line":145,"column":8},"end":{"line":145,"column":61}},"52":{"start":{"line":146,"column":8},"end":{"line":146,"column":26}},"53":{"start":{"line":148,"column":6},"end":{"line":148,"column":10}},"54":{"start":{"line":150,"column":4},"end":{"line":150,"column":32}},"55":{"start":{"line":160,"column":15},"end":{"line":160,"column":45}},"56":{"start":{"line":161,"column":4},"end":{"line":163,"column":7}},"57":{"start":{"line":162,"column":6},"end":{"line":162,"column":64}},"58":{"start":{"line":173,"column":4},"end":{"line":173,"column":16}},"59":{"start":{"line":188,"column":14},"end":{"line":188,"column":24}},"60":{"start":{"line":189,"column":4},"end":{"line":189,"column":42}}},"fnMap":{"0":{"name":"(anonymous_0)","decl":{"start":{"line":15,"column":2},"end":{"line":15,"column":3}},"loc":{"start":{"line":15,"column":31},"end":{"line":17,"column":3}},"line":15},"1":{"name":"(anonymous_1)","decl":{"start":{"line":23,"column":2},"end":{"line":23,"column":3}},"loc":{"start":{"line":23,"column":14},"end":{"line":25,"column":3}},"line":23},"2":{"name":"(anonymous_2)","decl":{"start":{"line":31,"column":2},"end":{"line":31,"column":3}},"loc":{"start":{"line":31,"column":18},"end":{"line":55,"column":3}},"line":31},"3":{"name":"(anonymous_3)","decl":{"start":{"line":34,"column":18},"end":{"line":34,"column":19}},"loc":{"start":{"line":34,"column":31},"end":{"line":50,"column":5}},"line":34},"4":{"name":"(anonymous_4)","decl":{"start":{"line":51,"column":20},"end":{"line":51,"column":21}},"loc":{"start":{"line":51,"column":36},"end":{"line":53,"column":5}},"line":51},"5":{"name":"(anonymous_5)","decl":{"start":{"line":61,"column":2},"end":{"line":61,"column":3}},"loc":{"start":{"line":61,"column":17},"end":{"line":68,"column":3}},"line":61},"6":{"name":"(anonymous_6)","decl":{"start":{"line":64,"column":20},"end":{"line":64,"column":21}},"loc":{"start":{"line":64,"column":36},"end":{"line":66,"column":5}},"line":64},"7":{"name":"(anonymous_7)","decl":{"start":{"line":74,"column":2},"end":{"line":74,"column":3}},"loc":{"start":{"line":74,"column":20},"end":{"line":90,"column":3}},"line":74},"8":{"name":"(anonymous_8)","decl":{"start":{"line":80,"column":23},"end":{"line":80,"column":24}},"loc":{"start":{"line":80,"column":36},"end":{"line":87,"column":5}},"line":80},"9":{"name":"(anonymous_9)","decl":{"start":{"line":92,"column":2},"end":{"line":92,"column":3}},"loc":{"start":{"line":92,"column":15},"end":{"line":113,"column":3}},"line":92},"10":{"name":"(anonymous_10)","decl":{"start":{"line":95,"column":18},"end":{"line":95,"column":19}},"loc":{"start":{"line":95,"column":31},"end":{"line":111,"column":5}},"line":95},"11":{"name":"(anonymous_11)","decl":{"start":{"line":119,"column":2},"end":{"line":119,"column":3}},"loc":{"start":{"line":119,"column":21},"end":{"line":151,"column":3}},"line":119},"12":{"name":"(anonymous_12)","decl":{"start":{"line":122,"column":18},"end":{"line":122,"column":19}},"loc":{"start":{"line":122,"column":31},"end":{"line":138,"column":5}},"line":122},"13":{"name":"(anonymous_13)","decl":{"start":{"line":142,"column":23},"end":{"line":142,"column":24}},"loc":{"start":{"line":142,"column":36},"end":{"line":149,"column":5}},"line":142},"14":{"name":"(anonymous_14)","decl":{"start":{"line":159,"column":2},"end":{"line":159,"column":3}},"loc":{"start":{"line":159,"column":19},"end":{"line":164,"column":3}},"line":159},"15":{"name":"(anonymous_15)","decl":{"start":{"line":161,"column":23},"end":{"line":161,"column":24}},"loc":{"start":{"line":161,"column":36},"end":{"line":163,"column":5}},"line":161},"16":{"name":"(anonymous_16)","decl":{"start":{"line":172,"column":2},"end":{"line":172,"column":3}},"loc":{"start":{"line":172,"column":25},"end":{"line":174,"column":3}},"line":172},"17":{"name":"(anonymous_17)","decl":{"start":{"line":181,"column":2},"end":{"line":181,"column":3}},"loc":{"start":{"line":181,"column":28},"end":{"line":181,"column":30}},"line":181},"18":{"name":"(anonymous_18)","decl":{"start":{"line":187,"column":2},"end":{"line":187,"column":3}},"loc":{"start":{"line":187,"column":21},"end":{"line":190,"column":3}},"line":187}},"branchMap":{"0":{"loc":{"start":{"line":37,"column":6},"end":{"line":49,"column":7}},"type":"if","locations":[{"start":{"line":37,"column":6},"end":{"line":49,"column":7}},{"start":{"line":37,"column":6},"end":{"line":49,"column":7}}],"line":37},"1":{"loc":{"start":{"line":82,"column":6},"end":{"line":85,"column":7}},"type":"if","locations":[{"start":{"line":82,"column":6},"end":{"line":85,"column":7}},{"start":{"line":82,"column":6},"end":{"line":85,"column":7}}],"line":82},"2":{"loc":{"start":{"line":98,"column":6},"end":{"line":110,"column":7}},"type":"if","locations":[{"start":{"line":98,"column":6},"end":{"line":110,"column":7}},{"start":{"line":98,"column":6},"end":{"line":110,"column":7}}],"line":98},"3":{"loc":{"start":{"line":125,"column":6},"end":{"line":137,"column":7}},"type":"if","locations":[{"start":{"line":125,"column":6},"end":{"line":137,"column":7}},{"start":{"line":125,"column":6},"end":{"line":137,"column":7}}],"line":125},"4":{"loc":{"start":{"line":144,"column":6},"end":{"line":147,"column":7}},"type":"if","locations":[{"start":{"line":144,"column":6},"end":{"line":147,"column":7}},{"start":{"line":144,"column":6},"end":{"line":147,"column":7}}],"line":144},"5":{"loc":{"start":{"line":144,"column":10},"end":{"line":144,"column":45}},"type":"binary-expr","locations":[{"start":{"line":144,"column":10},"end":{"line":144,"column":31}},{"start":{"line":144,"column":35},"end":{"line":144,"column":45}}],"line":144},"6":{"loc":{"start":{"line":162,"column":13},"end":{"line":162,"column":63}},"type":"binary-expr","locations":[{"start":{"line":162,"column":13},"end":{"line":162,"column":37}},{"start":{"line":162,"column":41},"end":{"line":162,"column":63}}],"line":162}},"s":{"0":6,"1":2,"2":1,"3":1,"4":1,"5":3,"6":3,"7":3,"8":1,"9":2,"10":1,"11":3,"12":1,"13":1,"14":1,"15":3,"16":1,"17":1,"18":1,"19":1,"20":1,"21":1,"22":3,"23":3,"24":2,"25":2,"26":3,"27":1,"28":2,"29":2,"30":2,"31":6,"32":6,"33":6,"34":2,"35":4,"36":2,"37":0,"38":0,"39":0,"40":0,"41":0,"42":0,"43":0,"44":0,"45":0,"46":0,"47":0,"48":0,"49":0,"50":0,"51":0,"52":0,"53":0,"54":0,"55":1,"56":1,"57":3,"58":0,"59":0,"60":0},"f":{"0":6,"1":2,"2":1,"3":3,"4":3,"5":1,"6":3,"7":1,"8":3,"9":2,"10":6,"11":0,"12":0,"13":0,"14":1,"15":3,"16":0,"17":0,"18":0},"b":{"0":[1,2],"1":[2,1],"2":[2,4],"3":[0,0],"4":[0,0],"5":[0,0],"6":[3,0]},"_coverageSchema":"1a1c01bbd47fc00a2c39e90264f33305004495a9","hash":"49e3a083386f1bb8165bffd59c9a8791e3a924c2"}
}
