TN:
SF:src/controller.js
FN:15,(anonymous_0)
FN:25,(anonymous_1)
FN:35,(anonymous_2)
FN:45,(anonymous_3)
FN:55,(anonymous_4)
FN:65,(anonymous_5)
FNF:6
FNH:6
FNDA:5,(anonymous_0)
FNDA:1,(anonymous_1)
FNDA:1,(anonymous_2)
FNDA:1,(anonymous_3)
FNDA:1,(anonymous_4)
FNDA:1,(anonymous_5)
DA:16,5
DA:17,5
DA:26,1
DA:27,1
DA:36,1
DA:37,1
DA:46,1
DA:47,1
DA:56,1
DA:57,1
DA:66,1
DA:67,1
LF:12
LH:12
BRF:0
BRH:0
end_of_record
TN:
SF:src/models.js
FN:40,(anonymous_0)
FN:52,(anonymous_1)
FN:60,(anonymous_2)
FN:68,(anonymous_3)
FN:76,(anonymous_4)
FN:84,(anonymous_5)
FN:92,(anonymous_6)
FN:100,(anonymous_7)
FN:108,(anonymous_8)
FN:116,(anonymous_9)
FN:124,(anonymous_10)
FNF:11
FNH:6
FNDA:15,(anonymous_0)
FNDA:20,(anonymous_1)
FNDA:0,(anonymous_2)
FNDA:15,(anonymous_3)
FNDA:0,(anonymous_4)
FNDA:4,(anonymous_5)
FNDA:0,(anonymous_6)
FNDA:4,(anonymous_7)
FNDA:0,(anonymous_8)
FNDA:4,(anonymous_9)
FNDA:0,(anonymous_10)
DA:41,15
DA:42,15
DA:43,15
DA:44,15
DA:45,15
DA:53,20
DA:61,0
DA:69,15
DA:77,0
DA:85,4
DA:93,0
DA:101,4
DA:109,0
DA:117,4
DA:125,0
LF:15
LH:10
BRF:0
BRH:0
end_of_record
TN:
SF:src/repository.js
FN:10,(anonymous_0)
FN:18,(anonymous_1)
FN:27,(anonymous_2)
FN:35,(anonymous_3)
FN:41,(anonymous_4)
FN:45,(anonymous_5)
FNF:6
FNH:0
FNDA:0,(anonymous_0)
FNDA:0,(anonymous_1)
FNDA:0,(anonymous_2)
FNDA:0,(anonymous_3)
FNDA:0,(anonymous_4)
FNDA:0,(anonymous_5)
DA:11,0
DA:19,0
DA:28,0
DA:36,0
DA:37,0
DA:42,0
DA:46,0
LF:7
LH:0
BRF:0
BRH:0
end_of_record
TN:
SF:src/serializer.js
FN:9,(anonymous_0)
FN:18,(anonymous_1)
FNF:2
FNH:1
FNDA:1,(anonymous_0)
FNDA:0,(anonymous_1)
DA:10,1
DA:19,0
LF:2
LH:1
BRF:0
BRH:0
end_of_record
TN:
SF:src/services.js
FN:15,(anonymous_0)
FN:23,(anonymous_1)
FN:31,(anonymous_2)
FN:34,(anonymous_3)
FN:51,(anonymous_4)
FN:61,(anonymous_5)
FN:64,(anonymous_6)
FN:74,(anonymous_7)
FN:80,(anonymous_8)
FN:92,(anonymous_9)
FN:95,(anonymous_10)
FN:119,(anonymous_11)
FN:122,(anonymous_12)
FN:142,(anonymous_13)
FN:159,(anonymous_14)
FN:161,(anonymous_15)
FN:172,(anonymous_16)
FN:181,(anonymous_17)
FN:187,(anonymous_18)
FNF:19
FNH:13
FNDA:6,(anonymous_0)
FNDA:2,(anonymous_1)
FNDA:1,(anonymous_2)
FNDA:3,(anonymous_3)
FNDA:3,(anonymous_4)
FNDA:1,(anonymous_5)
FNDA:3,(anonymous_6)
FNDA:1,(anonymous_7)
FNDA:3,(anonymous_8)
FNDA:2,(anonymous_9)
FNDA:6,(anonymous_10)
FNDA:0,(anonymous_11)
FNDA:0,(anonymous_12)
FNDA:0,(anonymous_13)
FNDA:1,(anonymous_14)
FNDA:3,(anonymous_15)
FNDA:0,(anonymous_16)
FNDA:0,(anonymous_17)
FNDA:0,(anonymous_18)
DA:16,6
DA:24,2
DA:32,1
DA:33,1
DA:34,1
DA:35,3
DA:36,3
DA:37,3
DA:38,1
DA:48,2
DA:51,1
DA:52,3
DA:54,1
DA:62,1
DA:64,1
DA:65,3
DA:67,1
DA:75,1
DA:77,1
DA:78,1
DA:79,1
DA:80,1
DA:81,3
DA:82,3
DA:83,2
DA:84,2
DA:86,3
DA:89,1
DA:93,2
DA:94,2
DA:95,2
DA:96,6
DA:97,6
DA:98,6
DA:99,2
DA:109,4
DA:112,2
DA:120,0
DA:121,0
DA:122,0
DA:123,0
DA:124,0
DA:125,0
DA:126,0
DA:136,0
DA:139,0
DA:140,0
DA:141,0
DA:142,0
DA:143,0
DA:144,0
DA:145,0
DA:146,0
DA:148,0
DA:150,0
DA:160,1
DA:161,1
DA:162,3
DA:173,0
DA:188,0
DA:189,0
LF:61
LH:40
BRDA:37,0,0,1
BRDA:37,0,1,2
BRDA:82,1,0,2
BRDA:82,1,1,1
BRDA:98,2,0,2
BRDA:98,2,1,4
BRDA:125,3,0,0
BRDA:125,3,1,0
BRDA:144,4,0,0
BRDA:144,4,1,0
BRDA:144,5,0,0
BRDA:144,5,1,0
BRDA:162,6,0,3
BRDA:162,6,1,0
BRF:14
BRH:7
end_of_record
